<?xml version="1.0" encoding="UTF-8"?>
<!-- Generated by org.testng.reporters.JUnitXMLReporter -->
<testsuite hostname="P2B-6BY9NK2" ignored="0" name="Test01" tests="2" failures="1" timestamp="09 Sep 2018 06:37:35 GMT" time="0.051" errors="0">
  <testcase name="RegTest" time="0.013" classname="com.acc.tests.MyListenerTest">
    <failure type="java.lang.AssertionError" message="expected [false] but found [true]">
      <![CDATA[java.lang.AssertionError: expected [false] but found [true]
at com.acc.tests.MyListenerTest.RegTest(MyListenerTest.java:17)
... Removed 31 stack frames]]>
    </failure>
  </testcase> <!-- RegTest -->
  <testcase name="loginTest" time="0.002" classname="com.acc.tests.MyListenerTest"/>
</testsuite> <!-- Test01 -->
