<?xml version="1.0" encoding="UTF-8"?>
<testng-results skipped="0" failed="0" ignored="0" total="1" passed="1">
  <reporter-output>
  </reporter-output>
  <suite name="Default suite" duration-ms="18241" started-at="2018-09-09T03:47:35Z" finished-at="2018-09-09T03:47:53Z">
    <groups>
    </groups>
    <test name="Default test" duration-ms="18241" started-at="2018-09-09T03:47:35Z" finished-at="2018-09-09T03:47:53Z">
      <class name="seleniumAccenture.Demo07_dataDrivenExcel">
        <test-method status="PASS" signature="beforeTest()[pri:0, instance:seleniumAccenture.Demo07_dataDrivenExcel@262b2c86]" name="beforeTest" is-config="true" duration-ms="5946" started-at="2018-09-09T03:47:35Z" finished-at="2018-09-09T03:47:41Z">
          <reporter-output>
          </reporter-output>
        </test-method> <!-- beforeTest -->
        <test-method status="PASS" signature="dataExcel()[pri:0, instance:seleniumAccenture.Demo07_dataDrivenExcel@262b2c86]" name="dataExcel" duration-ms="12267" started-at="2018-09-09T03:47:41Z" finished-at="2018-09-09T03:47:53Z">
          <reporter-output>
          </reporter-output>
        </test-method> <!-- dataExcel -->
      </class> <!-- seleniumAccenture.Demo07_dataDrivenExcel -->
    </test> <!-- Default test -->
  </suite> <!-- Default suite -->
</testng-results>
